<?xml version="1.0" encoding="UTF-8"?>
<!-- Generated by org.testng.reporters.JUnitReportReporter -->
<testsuite hostname="Dhanushri" name="springwebapp.test.ATest" tests="3" failures="0" timestamp="8 Mar 2019 14:35:54 GMT" time="0.016" errors="0">
  <testcase name="m3" time="0.000" classname="springwebapp.test.ATest"/>
  <testcase name="m2" time="0.000" classname="springwebapp.test.ATest"/>
  <testcase name="m1" time="0.016" classname="springwebapp.test.ATest"/>
</testsuite> <!-- springwebapp.test.ATest -->
