<?xml version="1.0" encoding="UTF-8"?>
<!-- Generated by org.testng.reporters.JUnitReportReporter -->
<testsuite hostname="Dhanushri" name="springwebapp.test.AutheticateTest" tests="1" failures="0" timestamp="8 Mar 2019 14:35:54 GMT" time="0.017" errors="0">
  <testcase name="invalidUserName" time="0.017" classname="springwebapp.test.AutheticateTest"/>
</testsuite> <!-- springwebapp.test.AutheticateTest -->
